10/23/21 23:22:41 v1.34.5 @ LAPTOP-86RO114L, 
10/23/21 23:22:41 v1.34.5 @ LAPTOP-86RO114L, ****************************
10/23/21 23:22:41 v1.34.5 @ LAPTOP-86RO114L, Starting factorization of 10588750243470683238253385410274703579658358849388292003988652883382013203466393057371661939626562904071765474423122767301289214711332944602077015274586262780328721640431549232327069314664449442016399
10/23/21 23:22:41 v1.34.5 @ LAPTOP-86RO114L, using pretesting plan: normal
10/23/21 23:22:41 v1.34.5 @ LAPTOP-86RO114L, no tune info: using qs/gnfs crossover of 95 digits
10/23/21 23:22:41 v1.34.5 @ LAPTOP-86RO114L, ****************************
10/23/21 23:22:41 v1.34.5 @ LAPTOP-86RO114L, rho: x^2 + 3, starting 1000 iterations on C200
10/23/21 23:22:41 v1.34.5 @ LAPTOP-86RO114L, rho: x^2 + 2, starting 1000 iterations on C200
10/23/21 23:22:41 v1.34.5 @ LAPTOP-86RO114L, rho: x^2 + 1, starting 1000 iterations on C200
10/23/21 23:22:41 v1.34.5 @ LAPTOP-86RO114L, prp10 = 3438516511
10/23/21 23:22:41 v1.34.5 @ LAPTOP-86RO114L, rho: x^2 + 1, starting 1000 iterations on C190
10/23/21 23:22:41 v1.34.5 @ LAPTOP-86RO114L, pm1: starting B1 = 150K, B2 = gmp-ecm default on C190
10/23/21 23:22:41 v1.34.5 @ LAPTOP-86RO114L, c77 = 12263820850525345562972587265410471088594811338364737991490260492940545284783
10/23/21 23:22:41 v1.34.5 @ LAPTOP-86RO114L, current ECM pretesting depth: 0.00
10/23/21 23:22:41 v1.34.5 @ LAPTOP-86RO114L, scheduled 30 curves at B1=2000 toward target pretesting depth of 35.08
10/23/21 23:22:41 v1.34.5 @ LAPTOP-86RO114L, c38 = 59820142427559599678631114353501442571 (curve 1 stg2 B1=2000 sigma=365191531 thread=0)
10/23/21 23:22:41 v1.34.5 @ LAPTOP-86RO114L, Finished 1 curves using Lenstra ECM method on C114 input, B1=2K, B2=gmp-ecm default
10/23/21 23:22:41 v1.34.5 @ LAPTOP-86RO114L, current ECM pretesting depth: 0.00
10/23/21 23:22:41 v1.34.5 @ LAPTOP-86RO114L, scheduled 29 curves at B1=2000 toward target pretesting depth of 23.38
10/23/21 23:22:41 v1.34.5 @ LAPTOP-86RO114L, prp10 = 2319991937 (curve 1 stg1 B1=2000 sigma=1799688019 thread=0)
10/23/21 23:22:41 v1.34.5 @ LAPTOP-86RO114L, Finished 1 curves using Lenstra ECM method on C76 input, B1=2K, B2=gmp-ecm default
10/23/21 23:22:41 v1.34.5 @ LAPTOP-86RO114L, current ECM pretesting depth: 0.00
10/23/21 23:22:41 v1.34.5 @ LAPTOP-86RO114L, scheduled 28 curves at B1=2000 toward target pretesting depth of 20.62
10/23/21 23:22:41 v1.34.5 @ LAPTOP-86RO114L, prp10 = 2151055861 (curve 1 stg1 B1=2000 sigma=1758774935 thread=0)
10/23/21 23:22:41 v1.34.5 @ LAPTOP-86RO114L, Finished 1 curves using Lenstra ECM method on C67 input, B1=2K, B2=gmp-ecm default
10/23/21 23:22:41 v1.34.5 @ LAPTOP-86RO114L, current ECM pretesting depth: 0.00
10/23/21 23:22:41 v1.34.5 @ LAPTOP-86RO114L, scheduled 27 curves at B1=2000 toward target pretesting depth of 17.54
10/23/21 23:22:41 v1.34.5 @ LAPTOP-86RO114L, prp10 = 2784469417 (curve 1 stg1 B1=2000 sigma=2860345076 thread=0)
10/23/21 23:22:41 v1.34.5 @ LAPTOP-86RO114L, Finished 1 curves using Lenstra ECM method on C57 input, B1=2K, B2=gmp-ecm default
10/23/21 23:22:41 v1.34.5 @ LAPTOP-86RO114L, current ECM pretesting depth: 0.00
10/23/21 23:22:41 v1.34.5 @ LAPTOP-86RO114L, scheduled 26 curves at B1=2000 toward target pretesting depth of 14.77
10/23/21 23:22:41 v1.34.5 @ LAPTOP-86RO114L, prp10 = 3789550043 (curve 1 stg1 B1=2000 sigma=4060173340 thread=0)
10/23/21 23:22:41 v1.34.5 @ LAPTOP-86RO114L, Finished 1 curves using Lenstra ECM method on C48 input, B1=2K, B2=gmp-ecm default
10/23/21 23:22:41 v1.34.5 @ LAPTOP-86RO114L, current ECM pretesting depth: 0.00
10/23/21 23:22:41 v1.34.5 @ LAPTOP-86RO114L, scheduled 25 curves at B1=2000 toward target pretesting depth of 11.69
10/23/21 23:22:41 v1.34.5 @ LAPTOP-86RO114L, prp10 = 2865965429 (curve 1 stg2 B1=2000 sigma=3622315835 thread=0)
10/23/21 23:22:41 v1.34.5 @ LAPTOP-86RO114L, Finished 1 curves using Lenstra ECM method on C38 input, B1=2K, B2=gmp-ecm default
10/23/21 23:22:41 v1.34.5 @ LAPTOP-86RO114L, current ECM pretesting depth: 0.00
10/23/21 23:22:41 v1.34.5 @ LAPTOP-86RO114L, scheduled 24 curves at B1=2000 toward target pretesting depth of 8.92
10/23/21 23:22:41 v1.34.5 @ LAPTOP-86RO114L, prp10 = 2448497717 (curve 1 stg1 B1=2000 sigma=3890169956 thread=0)
10/23/21 23:22:41 v1.34.5 @ LAPTOP-86RO114L, Finished 1 curves using Lenstra ECM method on C29 input, B1=2K, B2=gmp-ecm default
10/23/21 23:22:41 v1.34.5 @ LAPTOP-86RO114L, current ECM pretesting depth: 0.00
10/23/21 23:22:41 v1.34.5 @ LAPTOP-86RO114L, scheduled 23 curves at B1=2000 toward target pretesting depth of 6.15
10/23/21 23:22:41 v1.34.5 @ LAPTOP-86RO114L, prp10 = 3673658161 (curve 1 stg2 B1=2000 sigma=2041510161 thread=0)
10/23/21 23:22:41 v1.34.5 @ LAPTOP-86RO114L, Finished 1 curves using Lenstra ECM method on C20 input, B1=2K, B2=gmp-ecm default
10/23/21 23:22:41 v1.34.5 @ LAPTOP-86RO114L, current ECM pretesting depth: 0.00
10/23/21 23:22:41 v1.34.5 @ LAPTOP-86RO114L, scheduled 22 curves at B1=2000 toward target pretesting depth of 3.08
10/23/21 23:22:41 v1.34.5 @ LAPTOP-86RO114L, prp10 = 3092165243
10/23/21 23:22:41 v1.34.5 @ LAPTOP-86RO114L, 
10/23/21 23:22:41 v1.34.5 @ LAPTOP-86RO114L, ****************************
10/23/21 23:22:41 v1.34.5 @ LAPTOP-86RO114L, Starting factorization of 12263820850525345562972587265410471088594811338364737991490260492940545284783
10/23/21 23:22:41 v1.34.5 @ LAPTOP-86RO114L, using pretesting plan: normal
10/23/21 23:22:41 v1.34.5 @ LAPTOP-86RO114L, no tune info: using qs/gnfs crossover of 95 digits
10/23/21 23:22:41 v1.34.5 @ LAPTOP-86RO114L, ****************************
10/23/21 23:22:41 v1.34.5 @ LAPTOP-86RO114L, rho: x^2 + 3, starting 1000 iterations on C77
10/23/21 23:22:41 v1.34.5 @ LAPTOP-86RO114L, rho: x^2 + 2, starting 1000 iterations on C77
10/23/21 23:22:41 v1.34.5 @ LAPTOP-86RO114L, rho: x^2 + 1, starting 1000 iterations on C77
10/23/21 23:22:41 v1.34.5 @ LAPTOP-86RO114L, pm1: starting B1 = 150K, B2 = gmp-ecm default on C77
10/23/21 23:22:41 v1.34.5 @ LAPTOP-86RO114L, current ECM pretesting depth: 0.00
10/23/21 23:22:41 v1.34.5 @ LAPTOP-86RO114L, scheduled 30 curves at B1=2000 toward target pretesting depth of 23.69
10/23/21 23:22:41 v1.34.5 @ LAPTOP-86RO114L, c29 = 39205678455683086561139526113 (curve 1 stg2 B1=2000 sigma=1069326602 thread=0)
10/23/21 23:22:41 v1.34.5 @ LAPTOP-86RO114L, Finished 1 curves using Lenstra ECM method on C77 input, B1=2K, B2=gmp-ecm default
10/23/21 23:22:41 v1.34.5 @ LAPTOP-86RO114L, current ECM pretesting depth: 0.00
10/23/21 23:22:41 v1.34.5 @ LAPTOP-86RO114L, scheduled 29 curves at B1=2000 toward target pretesting depth of 14.77
10/23/21 23:22:41 v1.34.5 @ LAPTOP-86RO114L, prp10 = 2341310833 (curve 1 stg1 B1=2000 sigma=3630665638 thread=0)
10/23/21 23:22:41 v1.34.5 @ LAPTOP-86RO114L, Finished 1 curves using Lenstra ECM method on C48 input, B1=2K, B2=gmp-ecm default
10/23/21 23:22:41 v1.34.5 @ LAPTOP-86RO114L, current ECM pretesting depth: 0.00
10/23/21 23:22:41 v1.34.5 @ LAPTOP-86RO114L, scheduled 28 curves at B1=2000 toward target pretesting depth of 12.00
10/23/21 23:22:41 v1.34.5 @ LAPTOP-86RO114L, prp10 = 4147385899 (curve 1 stg1 B1=2000 sigma=3730972548 thread=0)
10/23/21 23:22:41 v1.34.5 @ LAPTOP-86RO114L, Finished 1 curves using Lenstra ECM method on C39 input, B1=2K, B2=gmp-ecm default
10/23/21 23:22:41 v1.34.5 @ LAPTOP-86RO114L, current ECM pretesting depth: 0.00
10/23/21 23:22:41 v1.34.5 @ LAPTOP-86RO114L, scheduled 27 curves at B1=2000 toward target pretesting depth of 8.92
10/23/21 23:22:41 v1.34.5 @ LAPTOP-86RO114L, prp10 = 3663803701 (curve 1 stg1 B1=2000 sigma=4131167685 thread=0)
10/23/21 23:22:41 v1.34.5 @ LAPTOP-86RO114L, Finished 1 curves using Lenstra ECM method on C29 input, B1=2K, B2=gmp-ecm default
10/23/21 23:22:41 v1.34.5 @ LAPTOP-86RO114L, current ECM pretesting depth: 0.00
10/23/21 23:22:41 v1.34.5 @ LAPTOP-86RO114L, scheduled 26 curves at B1=2000 toward target pretesting depth of 5.85
10/23/21 23:22:41 v1.34.5 @ LAPTOP-86RO114L, prp10 = 3526137361 (curve 5 stg1 B1=2000 sigma=3415180358 thread=0)
10/23/21 23:22:41 v1.34.5 @ LAPTOP-86RO114L, Finished 5 curves using Lenstra ECM method on C19 input, B1=2K, B2=gmp-ecm default
10/23/21 23:22:41 v1.34.5 @ LAPTOP-86RO114L, current ECM pretesting depth: 0.00
10/23/21 23:22:41 v1.34.5 @ LAPTOP-86RO114L, scheduled 21 curves at B1=2000 toward target pretesting depth of 3.08
10/23/21 23:22:41 v1.34.5 @ LAPTOP-86RO114L, prp10 = 2493514393
10/23/21 23:22:41 v1.34.5 @ LAPTOP-86RO114L, 
10/23/21 23:22:41 v1.34.5 @ LAPTOP-86RO114L, ****************************
10/23/21 23:22:41 v1.34.5 @ LAPTOP-86RO114L, Starting factorization of 39205678455683086561139526113
10/23/21 23:22:41 v1.34.5 @ LAPTOP-86RO114L, using pretesting plan: normal
10/23/21 23:22:41 v1.34.5 @ LAPTOP-86RO114L, no tune info: using qs/gnfs crossover of 95 digits
10/23/21 23:22:41 v1.34.5 @ LAPTOP-86RO114L, ****************************
10/23/21 23:22:41 v1.34.5 @ LAPTOP-86RO114L, rho: x^2 + 3, starting 1000 iterations on C29
10/23/21 23:22:41 v1.34.5 @ LAPTOP-86RO114L, rho: x^2 + 2, starting 1000 iterations on C29
10/23/21 23:22:41 v1.34.5 @ LAPTOP-86RO114L, rho: x^2 + 1, starting 1000 iterations on C29
10/23/21 23:22:41 v1.34.5 @ LAPTOP-86RO114L, pm1: starting B1 = 150K, B2 = gmp-ecm default on C29
10/23/21 23:22:41 v1.34.5 @ LAPTOP-86RO114L, current ECM pretesting depth: 0.00
10/23/21 23:22:41 v1.34.5 @ LAPTOP-86RO114L, scheduled 30 curves at B1=2000 toward target pretesting depth of 8.92
10/23/21 23:22:41 v1.34.5 @ LAPTOP-86RO114L, c20 = 10140025178097236189 (curve 1 stg2 B1=2000 sigma=3830709749 thread=0)
10/23/21 23:22:41 v1.34.5 @ LAPTOP-86RO114L, Finished 1 curves using Lenstra ECM method on C29 input, B1=2K, B2=gmp-ecm default
10/23/21 23:22:41 v1.34.5 @ LAPTOP-86RO114L, current ECM pretesting depth: 0.00
10/23/21 23:22:41 v1.34.5 @ LAPTOP-86RO114L, scheduled 29 curves at B1=2000 toward target pretesting depth of 3.08
10/23/21 23:22:41 v1.34.5 @ LAPTOP-86RO114L, prp10 = 3866428117
10/23/21 23:22:41 v1.34.5 @ LAPTOP-86RO114L, 
10/23/21 23:22:41 v1.34.5 @ LAPTOP-86RO114L, ****************************
10/23/21 23:22:41 v1.34.5 @ LAPTOP-86RO114L, Starting factorization of 10140025178097236189
10/23/21 23:22:41 v1.34.5 @ LAPTOP-86RO114L, using pretesting plan: normal
10/23/21 23:22:41 v1.34.5 @ LAPTOP-86RO114L, no tune info: using qs/gnfs crossover of 95 digits
10/23/21 23:22:41 v1.34.5 @ LAPTOP-86RO114L, ****************************
10/23/21 23:22:41 v1.34.5 @ LAPTOP-86RO114L, rho: x^2 + 3, starting 1000 iterations on C20
10/23/21 23:22:41 v1.34.5 @ LAPTOP-86RO114L, rho: x^2 + 2, starting 1000 iterations on C20
10/23/21 23:22:41 v1.34.5 @ LAPTOP-86RO114L, rho: x^2 + 1, starting 1000 iterations on C20
10/23/21 23:22:41 v1.34.5 @ LAPTOP-86RO114L, pm1: starting B1 = 150K, B2 = gmp-ecm default on C20
10/23/21 23:22:41 v1.34.5 @ LAPTOP-86RO114L, current ECM pretesting depth: 0.00
10/23/21 23:22:41 v1.34.5 @ LAPTOP-86RO114L, scheduled 30 curves at B1=2000 toward target pretesting depth of 6.15
10/23/21 23:22:41 v1.34.5 @ LAPTOP-86RO114L, prp10 = 2586983803 (curve 3 stg2 B1=2000 sigma=578027403 thread=0)
10/23/21 23:22:41 v1.34.5 @ LAPTOP-86RO114L, Finished 3 curves using Lenstra ECM method on C20 input, B1=2K, B2=gmp-ecm default
10/23/21 23:22:41 v1.34.5 @ LAPTOP-86RO114L, current ECM pretesting depth: 0.00
10/23/21 23:22:41 v1.34.5 @ LAPTOP-86RO114L, scheduled 27 curves at B1=2000 toward target pretesting depth of 3.08
10/23/21 23:22:41 v1.34.5 @ LAPTOP-86RO114L, prp10 = 3919632263
10/23/21 23:22:41 v1.34.5 @ LAPTOP-86RO114L, Total factoring time = 0.0408 seconds
10/23/21 23:22:41 v1.34.5 @ LAPTOP-86RO114L, Total factoring time = 0.0758 seconds
10/23/21 23:22:41 v1.34.5 @ LAPTOP-86RO114L, Total factoring time = 0.1755 seconds
10/23/21 23:22:41 v1.34.5 @ LAPTOP-86RO114L, 
10/23/21 23:22:41 v1.34.5 @ LAPTOP-86RO114L, ****************************
10/23/21 23:22:41 v1.34.5 @ LAPTOP-86RO114L, Starting factorization of 59820142427559599678631114353501442571
10/23/21 23:22:41 v1.34.5 @ LAPTOP-86RO114L, using pretesting plan: normal
10/23/21 23:22:41 v1.34.5 @ LAPTOP-86RO114L, no tune info: using qs/gnfs crossover of 95 digits
10/23/21 23:22:41 v1.34.5 @ LAPTOP-86RO114L, ****************************
10/23/21 23:22:41 v1.34.5 @ LAPTOP-86RO114L, rho: x^2 + 3, starting 1000 iterations on C38
10/23/21 23:22:41 v1.34.5 @ LAPTOP-86RO114L, rho: x^2 + 2, starting 1000 iterations on C38
10/23/21 23:22:41 v1.34.5 @ LAPTOP-86RO114L, rho: x^2 + 1, starting 1000 iterations on C38
10/23/21 23:22:41 v1.34.5 @ LAPTOP-86RO114L, pm1: starting B1 = 150K, B2 = gmp-ecm default on C38
10/23/21 23:22:41 v1.34.5 @ LAPTOP-86RO114L, prp10 = 3218701459
10/23/21 23:22:41 v1.34.5 @ LAPTOP-86RO114L, current ECM pretesting depth: 0.00
10/23/21 23:22:41 v1.34.5 @ LAPTOP-86RO114L, scheduled 30 curves at B1=2000 toward target pretesting depth of 8.92
10/23/21 23:22:41 v1.34.5 @ LAPTOP-86RO114L, prp10 = 2816940109 (curve 1 stg1 B1=2000 sigma=3708418801 thread=0)
10/23/21 23:22:41 v1.34.5 @ LAPTOP-86RO114L, Finished 1 curves using Lenstra ECM method on C29 input, B1=2K, B2=gmp-ecm default
10/23/21 23:22:41 v1.34.5 @ LAPTOP-86RO114L, current ECM pretesting depth: 0.00
10/23/21 23:22:41 v1.34.5 @ LAPTOP-86RO114L, scheduled 29 curves at B1=2000 toward target pretesting depth of 5.85
10/23/21 23:22:41 v1.34.5 @ LAPTOP-86RO114L, prp10 = 2758321513 (curve 2 stg2 B1=2000 sigma=4091524288 thread=0)
10/23/21 23:22:41 v1.34.5 @ LAPTOP-86RO114L, Finished 2 curves using Lenstra ECM method on C19 input, B1=2K, B2=gmp-ecm default
10/23/21 23:22:41 v1.34.5 @ LAPTOP-86RO114L, current ECM pretesting depth: 0.00
10/23/21 23:22:41 v1.34.5 @ LAPTOP-86RO114L, scheduled 27 curves at B1=2000 toward target pretesting depth of 3.08
10/23/21 23:22:41 v1.34.5 @ LAPTOP-86RO114L, prp10 = 2391906757
10/23/21 23:22:41 v1.34.5 @ LAPTOP-86RO114L, Total factoring time = 0.0536 seconds
10/23/21 23:22:42 v1.34.5 @ LAPTOP-86RO114L, Total factoring time = 0.3865 seconds
11/14/21 14:21:51 v1.34.5 @ LAPTOP-86RO114L, 
11/14/21 14:21:51 v1.34.5 @ LAPTOP-86RO114L, ****************************
11/14/21 14:21:51 v1.34.5 @ LAPTOP-86RO114L, Starting factorization of 922062878789537305445823648507223105067140143727705091443563510093295748388837508955794296605073782064075590198668790610146092017728454169739410355910570168376725844701706042423931062131528753082265354276337188503437266960537879790224748432011789692980731310923854492715988090330607030653565377412849531133501
11/14/21 14:21:51 v1.34.5 @ LAPTOP-86RO114L, using pretesting plan: normal
11/14/21 14:21:51 v1.34.5 @ LAPTOP-86RO114L, no tune info: using qs/gnfs crossover of 95 digits
11/14/21 14:21:51 v1.34.5 @ LAPTOP-86RO114L, ****************************
11/14/21 14:21:51 v1.34.5 @ LAPTOP-86RO114L, div: found prime factor = 7
11/14/21 14:21:51 v1.34.5 @ LAPTOP-86RO114L, rho: x^2 + 3, starting 1000 iterations on C309
11/14/21 14:21:51 v1.34.5 @ LAPTOP-86RO114L, rho: x^2 + 2, starting 1000 iterations on C309
11/14/21 14:21:51 v1.34.5 @ LAPTOP-86RO114L, rho: x^2 + 1, starting 1000 iterations on C309
11/14/21 14:21:51 v1.34.5 @ LAPTOP-86RO114L, pm1: starting B1 = 150K, B2 = gmp-ecm default on C309
11/14/21 14:21:51 v1.34.5 @ LAPTOP-86RO114L, current ECM pretesting depth: 0.00
11/14/21 14:21:51 v1.34.5 @ LAPTOP-86RO114L, scheduled 30 curves at B1=2000 toward target pretesting depth of 95.08
11/14/21 14:21:52 v1.34.5 @ LAPTOP-86RO114L, Finished 30 curves using Lenstra ECM method on C309 input, B1=2K, B2=gmp-ecm default
11/14/21 14:21:52 v1.34.5 @ LAPTOP-86RO114L, current ECM pretesting depth: 15.18
11/14/21 14:21:52 v1.34.5 @ LAPTOP-86RO114L, scheduled 74 curves at B1=11000 toward target pretesting depth of 95.08
11/14/21 14:21:59 v1.34.5 @ LAPTOP-86RO114L, Finished 74 curves using Lenstra ECM method on C309 input, B1=11K, B2=gmp-ecm default
11/14/21 14:21:59 v1.34.5 @ LAPTOP-86RO114L, current ECM pretesting depth: 20.24
11/14/21 14:21:59 v1.34.5 @ LAPTOP-86RO114L, scheduled 214 curves at B1=50000 toward target pretesting depth of 95.08
11/14/21 14:23:15 v1.34.5 @ LAPTOP-86RO114L, Finished 214 curves using Lenstra ECM method on C309 input, B1=50K, B2=gmp-ecm default
11/14/21 14:23:15 v1.34.5 @ LAPTOP-86RO114L, pm1: starting B1 = 3750K, B2 = gmp-ecm default on C309
11/14/21 14:23:18 v1.34.5 @ LAPTOP-86RO114L, current ECM pretesting depth: 25.33
11/14/21 14:23:18 v1.34.5 @ LAPTOP-86RO114L, scheduled 430 curves at B1=250000 toward target pretesting depth of 95.08
