10/23/21 23:19:20 v1.34.5 @ LAPTOP-86RO114L, System/Build Info: 
Using GMP-ECM 6.3, Powered by GMP 5.1.1
cached 78498 primes. pmax = 999983
detected Intel(R) Core(TM) i7-9750H CPU @ 2.60GHz
detected L1 = 32768 bytes, L2 = 12582912 bytes, CL = 64 bytes
measured cpu frequency ~= 2653.942430
using 20 random witnesses for Rabin-Miller PRP checks

10/23/21 23:19:20 v1.34.5 @ LAPTOP-86RO114L, New random seeds: 3900213668, 2771619280

10/23/21 23:19:20 v1.34.5 @ LAPTOP-86RO114L, Processing expression: 10588750243470683238253385410274703579658358849388292003988652883382013203466393057371661939626562904071765474423122767301289214711332944602077015274586262780328721640431549232327069314664449442016399


10/23/21 23:20:27 v1.34.5 @ LAPTOP-86RO114L, System/Build Info: 
Using GMP-ECM 6.3, Powered by GMP 5.1.1
cached 78498 primes. pmax = 999983
detected Intel(R) Core(TM) i7-9750H CPU @ 2.60GHz
detected L1 = 32768 bytes, L2 = 12582912 bytes, CL = 64 bytes
measured cpu frequency ~= 2597.201950
using 20 random witnesses for Rabin-Miller PRP checks

10/23/21 23:20:27 v1.34.5 @ LAPTOP-86RO114L, New random seeds: 1055024416, 3113222272

10/23/21 23:20:27 v1.34.5 @ LAPTOP-86RO114L, Processing expression: 10588750243470683238253385410274703579658358849388292003988652883382013203466393057371661939626562904071765474423122767301289214711332944602077015274586262780328721640431549232327069314664449442016399


10/23/21 23:22:41 v1.34.5 @ LAPTOP-86RO114L, System/Build Info: 
Using GMP-ECM 6.3, Powered by GMP 5.1.1
cached 78498 primes. pmax = 999983
detected Intel(R) Core(TM) i7-9750H CPU @ 2.60GHz
detected L1 = 32768 bytes, L2 = 12582912 bytes, CL = 64 bytes
measured cpu frequency ~= 2609.779040
using 20 random witnesses for Rabin-Miller PRP checks

10/23/21 23:22:41 v1.34.5 @ LAPTOP-86RO114L, New random seeds: 2465519210, 78233064

10/23/21 23:22:41 v1.34.5 @ LAPTOP-86RO114L, Processing expression: factor(10588750243470683238253385410274703579658358849388292003988652883382013203466393057371661939626562904071765474423122767301289214711332944602077015274586262780328721640431549232327069314664449442016399)


11/14/21 14:20:24 v1.34.5 @ LAPTOP-86RO114L, System/Build Info: 
Using GMP-ECM 6.3, Powered by GMP 5.1.1
cached 78498 primes. pmax = 999983
detected Intel(R) Core(TM) i7-9750H CPU @ 2.60GHz
detected L1 = 32768 bytes, L2 = 12582912 bytes, CL = 64 bytes
measured cpu frequency ~= 2596.013900
using 20 random witnesses for Rabin-Miller PRP checks

11/14/21 14:20:24 v1.34.5 @ LAPTOP-86RO114L, New random seeds: 1444543743, 749314444

11/14/21 14:20:24 v1.34.5 @ LAPTOP-86RO114L, Processing expression: 922062878789537305445823648507223105067140143727705091443563510093295748388837508955794296605073782064075590198668790610146092017728454169739410355910570168376725844701706042423931062131528753082265354276337188503437266960537879790224748432011789692980731310923854492715988090330607030653565377412849531133501


11/14/21 14:20:38 v1.34.5 @ LAPTOP-86RO114L, System/Build Info: 
Using GMP-ECM 6.3, Powered by GMP 5.1.1
cached 78498 primes. pmax = 999983
detected Intel(R) Core(TM) i7-9750H CPU @ 2.60GHz
detected L1 = 32768 bytes, L2 = 12582912 bytes, CL = 64 bytes
measured cpu frequency ~= 2586.259490
using 20 random witnesses for Rabin-Miller PRP checks

11/14/21 14:20:38 v1.34.5 @ LAPTOP-86RO114L, New random seeds: 3277533379, 1227229828

11/14/21 14:20:38 v1.34.5 @ LAPTOP-86RO114L, Processing expression: 14


11/14/21 14:21:51 v1.34.5 @ LAPTOP-86RO114L, System/Build Info: 
Using GMP-ECM 6.3, Powered by GMP 5.1.1
cached 78498 primes. pmax = 999983
detected Intel(R) Core(TM) i7-9750H CPU @ 2.60GHz
detected L1 = 32768 bytes, L2 = 12582912 bytes, CL = 64 bytes
measured cpu frequency ~= 2596.696780
using 20 random witnesses for Rabin-Miller PRP checks

11/14/21 14:21:51 v1.34.5 @ LAPTOP-86RO114L, New random seeds: 3809646908, 3669955652

11/14/21 14:21:51 v1.34.5 @ LAPTOP-86RO114L, Processing expression: factor(922062878789537305445823648507223105067140143727705091443563510093295748388837508955794296605073782064075590198668790610146092017728454169739410355910570168376725844701706042423931062131528753082265354276337188503437266960537879790224748432011789692980731310923854492715988090330607030653565377412849531133501)


